<?xml version="1.0" encoding="UTF-8"?>
<!-- Generated by org.testng.reporters.JUnitReportReporter -->
<testsuite hostname="Masterpiece-2581" failures="0" tests="1" name="com.testLater.IMDBtest$IMDBtst" time="10.149" errors="0" timestamp="2022-09-23T01:32:38 IST" skipped="0">
  <testcase classname="com.testLater.IMDBtest$IMDBtst" name="testWiki" time="10.149"/>
  <system-out/>
</testsuite> <!-- com.testLater.IMDBtest$IMDBtst -->
