<?xml version="1.0" encoding="UTF-8"?>
<!-- Generated by org.testng.reporters.JUnitReportReporter -->
<testsuite hostname="Masterpiece-2581" failures="0" tests="1" name="com.testLater.IMDBtest" time="30.957" errors="0" timestamp="2022-09-27T10:21:22 IST" skipped="0">
  <testcase classname="com.testLater.IMDBtest" name="testIMDB" time="30.957"/>
  <system-out/>
</testsuite> <!-- com.testLater.IMDBtest -->
